<?xml version="1.0" encoding="UTF-8" ?>
<testsuite errors="0" failures="5" hostname="Mac-Pro-de-Alfredo.local" name="foliosaaa.InstitucionControllerTests" tests="8" time="0.81" timestamp="2013-10-01T00:26:26">
  <properties />
  <testcase classname="foliosaaa.InstitucionControllerTests" name="testIndex" time="0.186" />
  <testcase classname="foliosaaa.InstitucionControllerTests" name="testList" time="0.059" />
  <testcase classname="foliosaaa.InstitucionControllerTests" name="testCreate" time="0.061" />
  <testcase classname="foliosaaa.InstitucionControllerTests" name="testSave" time="0.087">
    <failure message="Assertion failed: &#xa;&#xa;assert response.redirectedUrl == &apos;/institucion/show/1&apos;&#xa;       |        |             |&#xa;       |        null          false&#xa;       org.codehaus.groovy.grails.plugins.testing.GrailsMockHttpServletResponse@63dad2ac&#xa;" type="junit.framework.AssertionFailedError">junit.framework.AssertionFailedError: Assertion failed: 

assert response.redirectedUrl == &apos;/institucion/show/1&apos;
       |        |             |
       |        null          false
       org.codehaus.groovy.grails.plugins.testing.GrailsMockHttpServletResponse@63dad2ac

	at foliosaaa.InstitucionControllerTests.testSave(InstitucionControllerTests.groovy:52)
</failure>
  </testcase>
  <testcase classname="foliosaaa.InstitucionControllerTests" name="testShow" time="0.074">
    <failure message="Assertion failed: &#xa;&#xa;assert institucion.save() != null&#xa;       |           |      |&#xa;       |           null   false&#xa;       mx.com.amiba.foliosaaa.Institucion : (unsaved)&#xa;" type="junit.framework.AssertionFailedError">junit.framework.AssertionFailedError: Assertion failed: 

assert institucion.save() != null
       |           |      |
       |           null   false
       mx.com.amiba.foliosaaa.Institucion : (unsaved)

	at foliosaaa.InstitucionControllerTests.testShow(InstitucionControllerTests.groovy:66)
</failure>
  </testcase>
  <testcase classname="foliosaaa.InstitucionControllerTests" name="testEdit" time="0.073">
    <failure message="Assertion failed: &#xa;&#xa;assert institucion.save() != null&#xa;       |           |      |&#xa;       |           null   false&#xa;       mx.com.amiba.foliosaaa.Institucion : (unsaved)&#xa;" type="junit.framework.AssertionFailedError">junit.framework.AssertionFailedError: Assertion failed: 

assert institucion.save() != null
       |           |      |
       |           null   false
       mx.com.amiba.foliosaaa.Institucion : (unsaved)

	at foliosaaa.InstitucionControllerTests.testEdit(InstitucionControllerTests.groovy:84)
</failure>
  </testcase>
  <testcase classname="foliosaaa.InstitucionControllerTests" name="testUpdate" time="0.073">
    <failure message="Assertion failed: &#xa;&#xa;assert institucion.save() != null&#xa;       |           |      |&#xa;       |           null   false&#xa;       mx.com.amiba.foliosaaa.Institucion : (unsaved)&#xa;" type="junit.framework.AssertionFailedError">junit.framework.AssertionFailedError: Assertion failed: 

assert institucion.save() != null
       |           |      |
       |           null   false
       mx.com.amiba.foliosaaa.Institucion : (unsaved)

	at foliosaaa.InstitucionControllerTests.testUpdate(InstitucionControllerTests.groovy:104)
</failure>
  </testcase>
  <testcase classname="foliosaaa.InstitucionControllerTests" name="testDelete" time="0.082">
    <failure message="Assertion failed: &#xa;&#xa;assert institucion.save() != null&#xa;       |           |      |&#xa;       |           null   false&#xa;       mx.com.amiba.foliosaaa.Institucion : (unsaved)&#xa;" type="junit.framework.AssertionFailedError">junit.framework.AssertionFailedError: Assertion failed: 

assert institucion.save() != null
       |           |      |
       |           null   false
       mx.com.amiba.foliosaaa.Institucion : (unsaved)

	at foliosaaa.InstitucionControllerTests.testDelete(InstitucionControllerTests.groovy:148)
</failure>
  </testcase>
  <system-out><![CDATA[--Output from testIndex--
--Output from testList--
--Output from testCreate--
--Output from testSave--
--Output from testShow--
--Output from testEdit--
--Output from testUpdate--
--Output from testDelete--
]]></system-out>
  <system-err><![CDATA[--Output from testIndex--
--Output from testList--
--Output from testCreate--
--Output from testSave--
--Output from testShow--
--Output from testEdit--
--Output from testUpdate--
--Output from testDelete--
]]></system-err>
</testsuite>
