Testsuite: foliosaaa.FolioControllerTests
Tests run: 8, Failures: 5, Errors: 0, Time elapsed: 2,829 sec
------------- Standard Output ---------------
--Output from testIndex--
--Output from testList--
--Output from testCreate--
--Output from testSave--
--Output from testShow--
--Output from testEdit--
--Output from testUpdate--
--Output from testDelete--
------------- ---------------- ---------------
------------- Standard Error -----------------
--Output from testIndex--
--Output from testList--
--Output from testCreate--
--Output from testSave--
--Output from testShow--
--Output from testEdit--
--Output from testUpdate--
--Output from testDelete--
------------- ---------------- ---------------

Testcase: testIndex took 1,456 sec
Testcase: testList took 0,568 sec
Testcase: testCreate took 0,113 sec
Testcase: testSave took 0,168 sec
	FAILED
Assertion failed: 

assert response.redirectedUrl == '/folio/show/1'
       |        |             |
       |        null          false
       org.codehaus.groovy.grails.plugins.testing.GrailsMockHttpServletResponse@6a8690a3

junit.framework.AssertionFailedError: Assertion failed: 

assert response.redirectedUrl == '/folio/show/1'
       |        |             |
       |        null          false
       org.codehaus.groovy.grails.plugins.testing.GrailsMockHttpServletResponse@6a8690a3

	at foliosaaa.FolioControllerTests.testSave(FolioControllerTests.groovy:52)

Testcase: testShow took 0,185 sec
	FAILED
Assertion failed: 

assert folio.save() != null
       |     |      |
       |     null   false
       mx.com.amiba.foliosaaa.Folio : (unsaved)

junit.framework.AssertionFailedError: Assertion failed: 

assert folio.save() != null
       |     |      |
       |     null   false
       mx.com.amiba.foliosaaa.Folio : (unsaved)

	at foliosaaa.FolioControllerTests.testShow(FolioControllerTests.groovy:66)

Testcase: testEdit took 0,074 sec
	FAILED
Assertion failed: 

assert folio.save() != null
       |     |      |
       |     null   false
       mx.com.amiba.foliosaaa.Folio : (unsaved)

junit.framework.AssertionFailedError: Assertion failed: 

assert folio.save() != null
       |     |      |
       |     null   false
       mx.com.amiba.foliosaaa.Folio : (unsaved)

	at foliosaaa.FolioControllerTests.testEdit(FolioControllerTests.groovy:84)

Testcase: testUpdate took 0,085 sec
	FAILED
Assertion failed: 

assert folio.save() != null
       |     |      |
       |     null   false
       mx.com.amiba.foliosaaa.Folio : (unsaved)

junit.framework.AssertionFailedError: Assertion failed: 

assert folio.save() != null
       |     |      |
       |     null   false
       mx.com.amiba.foliosaaa.Folio : (unsaved)

	at foliosaaa.FolioControllerTests.testUpdate(FolioControllerTests.groovy:104)

Testcase: testDelete took 0,073 sec
	FAILED
Assertion failed: 

assert folio.save() != null
       |     |      |
       |     null   false
       mx.com.amiba.foliosaaa.Folio : (unsaved)

junit.framework.AssertionFailedError: Assertion failed: 

assert folio.save() != null
       |     |      |
       |     null   false
       mx.com.amiba.foliosaaa.Folio : (unsaved)

	at foliosaaa.FolioControllerTests.testDelete(FolioControllerTests.groovy:148)

